<?xml version="1.0" encoding="UTF-8"?>
<!-- Generated by org.testng.reporters.JUnitXMLReporter -->
<testsuite ignored="0" hostname="LAPTOP-JAGADEESH" failures="1" tests="3" name="Test" time="24.497" errors="0" timestamp="24 Sep 2020 17:06:02 GMT">
  <testcase classname="testscripts.endtoend.E2ESCENARIO1" name="run" time="8.562">
    <skipped/>
  </testcase> <!-- run -->
  <testcase classname="testscripts.endtoend.E2ESCENARIO1" name="run" time="7.753">
    <skipped/>
  </testcase> <!-- run -->
  <testcase classname="testscripts.endtoend.E2ESCENARIO1" name="run" time="8.125">
    <failure type="java.lang.AssertionError" message="TestUpdate_FAIL_WE have to check the justification; TestUpdate_FAIL_WE have to check the justification">
      <![CDATA[java.lang.AssertionError: TestUpdate_FAIL_WE have to check the justification; TestUpdate_FAIL_WE have to check the justification
at supportLibraries.DriverScript.wrapUp(DriverScript.java:377)
at supportLibraries.DriverScript.driveTestExecution(DriverScript.java:97)
at testscripts.endtoend.E2ESCENARIO1.run(E2ESCENARIO1.java:20)
... Removed 26 stack frames]]>
    </failure>
  </testcase> <!-- run -->
</testsuite> <!-- Test -->
